<?xml version="1.0" encoding="UTF-8"?>
<!-- Generated by org.testng.reporters.JUnitReportReporter -->
<testsuite skipped="0" hostname="Dell" name="com.etlhive.selenium.testclass" tests="4" failures="0" timestamp="02 Feb 2020 03:55:53 GMT" time="19.482" errors="0">
  <testcase name="testing" time="5.431" classname="com.etlhive.selenium.testclass"/>
  <testcase name="required" time="6.053" classname="com.etlhive.selenium.testclass"/>
  <testcase name="optional" time="2.996" classname="com.etlhive.selenium.testclass"/>
  <testcase name="optional" time="5.002" classname="com.etlhive.selenium.testclass"/>
</testsuite> <!-- com.etlhive.selenium.testclass -->
