<?xml version="1.0" encoding="UTF-8"?>
<!-- Generated by org.testng.reporters.JUnitReportReporter -->
<testsuite skipped="0" hostname="Dell" name="com.etlhivie.selenium.commonlinks.PrinmergeTest" tests="1" failures="0" timestamp="09 Feb 2020 04:08:07 GMT" time="162.998" errors="0">
  <testcase name="f2" time="162.998" classname="com.etlhivie.selenium.commonlinks.PrinmergeTest"/>
</testsuite> <!-- com.etlhivie.selenium.commonlinks.PrinmergeTest -->
