<?xml version="1.0" encoding="UTF-8"?>
<!-- Generated by org.testng.reporters.JUnitReportReporter -->
<testsuite skipped="0" hostname="Dell" name="com.etlhive.selenium.WebsiteTest" tests="1" failures="0" timestamp="02 Feb 2020 04:22:30 GMT" time="107.784" errors="0">
  <testcase name="f2" time="107.784" classname="com.etlhive.selenium.WebsiteTest"/>
</testsuite> <!-- com.etlhive.selenium.WebsiteTest -->
